<?xml version="1.0" encoding="UTF-8"?>
<coverage generated="1778615524175" clover="3.2.0">
  <project timestamp="1778615524175" name="All files">
    <metrics statements="4766" coveredstatements="3903" conditionals="3145" coveredconditionals="2363" methods="1290" coveredmethods="1095" elements="9201" coveredelements="7361" complexity="0" loc="4766" ncloc="4766" packages="10" files="124" classes="124"/>
    <package name="src">
      <metrics statements="412" coveredstatements="284" conditionals="237" coveredconditionals="163" methods="108" coveredmethods="67"/>
      <file name="App.tsx" path="/Users/litang/WeChatProjects/en-learn/src/App.tsx">
        <metrics statements="412" coveredstatements="284" conditionals="237" coveredconditionals="163" methods="108" coveredmethods="67"/>
        <line num="71" count="536" type="stmt"/>
        <line num="72" count="536" type="stmt"/>
        <line num="73" count="536" type="stmt"/>
        <line num="74" count="536" type="stmt"/>
        <line num="75" count="536" type="stmt"/>
        <line num="76" count="536" type="stmt"/>
        <line num="77" count="536" type="stmt"/>
        <line num="78" count="536" type="stmt"/>
        <line num="79" count="536" type="stmt"/>
        <line num="80" count="536" type="stmt"/>
        <line num="81" count="536" type="stmt"/>
        <line num="82" count="536" type="stmt"/>
        <line num="83" count="536" type="stmt"/>
        <line num="84" count="536" type="stmt"/>
        <line num="85" count="536" type="stmt"/>
        <line num="86" count="536" type="stmt"/>
        <line num="87" count="536" type="stmt"/>
        <line num="88" count="536" type="stmt"/>
        <line num="89" count="536" type="stmt"/>
        <line num="90" count="536" type="stmt"/>
        <line num="91" count="536" type="stmt"/>
        <line num="92" count="536" type="stmt"/>
        <line num="93" count="536" type="stmt"/>
        <line num="94" count="536" type="stmt"/>
        <line num="95" count="536" type="stmt"/>
        <line num="98" count="536" type="stmt"/>
        <line num="108" count="536" type="stmt"/>
        <line num="110" count="8" type="stmt"/>
        <line num="112" count="536" type="stmt"/>
        <line num="113" count="6" type="stmt"/>
        <line num="116" count="536" type="stmt"/>
        <line num="117" count="1" type="cond" truecount="1" falsecount="1"/>
        <line num="118" count="1" type="stmt"/>
        <line num="119" count="1" type="stmt"/>
        <line num="122" count="536" type="stmt"/>
        <line num="123" count="0" type="stmt"/>
        <line num="124" count="0" type="stmt"/>
        <line num="127" count="536" type="stmt"/>
        <line num="129" count="536" type="stmt"/>
        <line num="130" count="0" type="stmt"/>
        <line num="153" count="536" type="stmt"/>
        <line num="155" count="536" type="stmt"/>
        <line num="156" count="536" type="stmt"/>
        <line num="157" count="536" type="stmt"/>
        <line num="158" count="536" type="stmt"/>
        <line num="159" count="536" type="stmt"/>
        <line num="160" count="536" type="stmt"/>
        <line num="161" count="536" type="stmt"/>
        <line num="162" count="536" type="stmt"/>
        <line num="163" count="536" type="stmt"/>
        <line num="164" count="536" type="stmt"/>
        <line num="165" count="536" type="stmt"/>
        <line num="166" count="536" type="stmt"/>
        <line num="167" count="536" type="stmt"/>
        <line num="170" count="40" type="stmt"/>
        <line num="171" count="536" type="cond" truecount="2" falsecount="0"/>
        <line num="176" count="536" type="stmt"/>
        <line num="178" count="536" type="stmt"/>
        <line num="181" count="145" type="stmt"/>
        <line num="183" count="536" type="stmt"/>
        <line num="186" count="536" type="stmt"/>
        <line num="187" count="536" type="stmt"/>
        <line num="188" count="145" type="stmt"/>
        <line num="191" count="536" type="stmt"/>
        <line num="192" count="386" type="cond" truecount="5" falsecount="0"/>
        <line num="193" count="341" type="stmt"/>
        <line num="198" count="536" type="stmt"/>
        <line num="199" count="386" type="cond" truecount="5" falsecount="0"/>
        <line num="200" count="341" type="cond" truecount="2" falsecount="0"/>
        <line num="202" count="341" type="cond" truecount="1" falsecount="1"/>
        <line num="203" count="0" type="stmt"/>
        <line num="204" count="341" type="cond" truecount="1" falsecount="1"/>
        <line num="205" count="0" type="stmt"/>
        <line num="207" count="341" type="stmt"/>
        <line num="208" count="5" type="stmt"/>
        <line num="210" count="341" type="stmt"/>
        <line num="215" count="536" type="stmt"/>
        <line num="216" count="536" type="stmt"/>
        <line num="217" count="536" type="stmt"/>
        <line num="218" count="536" type="stmt"/>
        <line num="219" count="536" type="stmt"/>
        <line num="220" count="536" type="stmt"/>
        <line num="222" count="391" type="stmt"/>
        <line num="223" count="156" type="stmt"/>
        <line num="224" count="170" type="stmt"/>
        <line num="225" count="347" type="stmt"/>
        <line num="226" count="155" type="stmt"/>
        <line num="227" count="174" type="stmt"/>
        <line num="230" count="536" type="stmt"/>
        <line num="231" count="145" type="cond" truecount="2" falsecount="0"/>
        <line num="232" count="10" type="stmt"/>
        <line num="236" count="536" type="stmt"/>
        <line num="237" count="145" type="stmt"/>
        <line num="239" count="6" type="cond" truecount="4" falsecount="0"/>
        <line num="240" count="2" type="stmt"/>
        <line num="241" count="2" type="stmt"/>
        <line num="244" count="0" type="cond" truecount="3" falsecount="2"/>
        <line num="247" count="4" type="stmt"/>
        <line num="248" count="4" type="cond" truecount="3" falsecount="1"/>
        <line num="249" count="0" type="stmt"/>
        <line num="252" count="0" type="cond" truecount="1" falsecount="1"/>
        <line num="253" count="0" type="cond" truecount="3" falsecount="1"/>
        <line num="255" count="4" type="stmt"/>
        <line num="256" count="4" type="cond" truecount="5" falsecount="0"/>
        <line num="257" count="2" type="stmt"/>
        <line num="258" count="2" type="stmt"/>
        <line num="262" count="145" type="stmt"/>
        <line num="263" count="145" type="stmt"/>
        <line num="267" count="536" type="stmt"/>
        <line num="270" count="536" type="stmt"/>
        <line num="273" count="536" type="stmt"/>
        <line num="274" count="536" type="stmt"/>
        <line num="275" count="148" type="stmt"/>
        <line num="276" count="1" type="cond" truecount="3" falsecount="1"/>
        <line num="278" count="1" type="cond" truecount="4" falsecount="1"/>
        <line num="279" count="1" type="stmt"/>
        <line num="281" count="1" type="stmt"/>
        <line num="282" count="1" type="stmt"/>
        <line num="284" count="0" type="stmt"/>
        <line num="289" count="148" type="stmt"/>
        <line num="290" count="148" type="stmt"/>
        <line num="294" count="536" type="stmt"/>
        <line num="295" count="0" type="stmt"/>
        <line num="299" count="536" type="stmt"/>
        <line num="300" count="536" type="stmt"/>
        <line num="301" count="388" type="cond" truecount="5" falsecount="0"/>
        <line num="302" count="33" type="stmt"/>
        <line num="303" count="33" type="cond" truecount="2" falsecount="0"/>
        <line num="304" count="11" type="stmt"/>
        <line num="305" count="11" type="stmt"/>
        <line num="307" count="11" type="cond" truecount="1" falsecount="1"/>
        <line num="308" count="11" type="stmt"/>
        <line num="309" count="11" type="cond" truecount="1" falsecount="1"/>
        <line num="310" count="11" type="stmt"/>
        <line num="311" count="11" type="stmt"/>
        <line num="312" count="11" type="stmt"/>
        <line num="313" count="11" type="stmt"/>
        <line num="315" count="11" type="cond" truecount="2" falsecount="2"/>
        <line num="316" count="0" type="stmt"/>
        <line num="317" count="0" type="stmt"/>
        <line num="318" count="0" type="stmt"/>
        <line num="322" count="11" type="stmt"/>
        <line num="323" count="11" type="stmt"/>
        <line num="324" count="11" type="cond" truecount="2" falsecount="0"/>
        <line num="325" count="9" type="stmt"/>
        <line num="326" count="9" type="stmt"/>
        <line num="329" count="11" type="cond" truecount="1" falsecount="1"/>
        <line num="330" count="0" type="stmt"/>
        <line num="333" count="11" type="stmt"/>
        <line num="334" count="11" type="cond" truecount="2" falsecount="0"/>
        <line num="336" count="11" type="stmt"/>
        <line num="337" count="11" type="cond" truecount="1" falsecount="1"/>
        <line num="338" count="0" type="stmt"/>
        <line num="339" count="0" type="stmt"/>
        <line num="343" count="11" type="stmt"/>
        <line num="344" count="11" type="cond" truecount="2" falsecount="0"/>
        <line num="345" count="9" type="stmt"/>
        <line num="346" count="9" type="stmt"/>
        <line num="349" count="11" type="stmt"/>
        <line num="350" count="11" type="stmt"/>
        <line num="351" count="11" type="stmt"/>
        <line num="352" count="11" type="stmt"/>
        <line num="353" count="11" type="stmt"/>
        <line num="355" count="11" type="stmt"/>
        <line num="356" count="11" type="stmt"/>
        <line num="357" count="11" type="stmt"/>
        <line num="358" count="11" type="stmt"/>
        <line num="359" count="11" type="cond" truecount="2" falsecount="0"/>
        <line num="360" count="2" type="stmt"/>
        <line num="361" count="2" type="stmt"/>
        <line num="364" count="2" type="stmt"/>
        <line num="365" count="2" type="cond" truecount="1" falsecount="1"/>
        <line num="366" count="2" type="stmt"/>
        <line num="367" count="2" type="stmt"/>
        <line num="376" count="536" type="stmt"/>
        <line num="377" count="369" type="cond" truecount="4" falsecount="0"/>
        <line num="378" count="8" type="stmt"/>
        <line num="380" count="8" type="stmt"/>
        <line num="381" count="8" type="stmt"/>
        <line num="382" count="8" type="stmt"/>
        <line num="383" count="8" type="stmt"/>
        <line num="384" count="8" type="stmt"/>
        <line num="385" count="8" type="stmt"/>
        <line num="387" count="8" type="stmt"/>
        <line num="391" count="536" type="stmt"/>
        <line num="392" count="187" type="cond" truecount="1" falsecount="1"/>
        <line num="393" count="0" type="stmt"/>
        <line num="394" count="0" type="cond" truecount="0" falsecount="2"/>
        <line num="395" count="0" type="cond" truecount="0" falsecount="2"/>
        <line num="396" count="0" type="stmt"/>
        <line num="398" count="0" type="stmt"/>
        <line num="399" count="0" type="cond" truecount="0" falsecount="2"/>
        <line num="400" count="0" type="stmt"/>
        <line num="401" count="0" type="stmt"/>
        <line num="405" count="0" type="stmt"/>
        <line num="410" count="536" type="stmt"/>
        <line num="411" count="145" type="cond" truecount="1" falsecount="1"/>
        <line num="412" count="0" type="stmt"/>
        <line num="413" count="0" type="stmt"/>
        <line num="415" count="0" type="stmt"/>
        <line num="422" count="536" type="stmt"/>
        <line num="424" count="154" type="cond" truecount="5" falsecount="0"/>
        <line num="426" count="6" type="stmt"/>
        <line num="427" count="5" type="stmt"/>
        <line num="429" count="6" type="stmt"/>
        <line num="434" count="536" type="stmt"/>
        <line num="435" count="172" type="cond" truecount="2" falsecount="0"/>
        <line num="436" count="5" type="stmt"/>
        <line num="437" count="0" type="stmt"/>
        <line num="438" count="0" type="stmt"/>
        <line num="440" count="5" type="stmt"/>
        <line num="444" count="536" type="stmt"/>
        <line num="445" count="1" type="stmt"/>
        <line num="446" count="1" type="stmt"/>
        <line num="449" count="536" type="stmt"/>
        <line num="450" count="386" type="cond" truecount="1" falsecount="1"/>
        <line num="451" count="386" type="stmt"/>
        <line num="452" count="386" type="stmt"/>
        <line num="454" count="0" type="cond" truecount="0" falsecount="4"/>
        <line num="455" count="0" type="stmt"/>
        <line num="456" count="0" type="cond" truecount="0" falsecount="2"/>
        <line num="457" count="0" type="stmt"/>
        <line num="458" count="0" type="stmt"/>
        <line num="459" count="0" type="stmt"/>
        <line num="460" count="0" type="stmt"/>
        <line num="465" count="536" type="stmt"/>
        <line num="466" count="0" type="cond" truecount="0" falsecount="2"/>
        <line num="467" count="0" type="stmt"/>
        <line num="471" count="536" type="stmt"/>
        <line num="472" count="0" type="cond" truecount="1" falsecount="1"/>
        <line num="473" count="24" type="stmt"/>
        <line num="475" count="24" type="stmt"/>
        <line num="476" count="24" type="cond" truecount="2" falsecount="0"/>
        <line num="477" count="5" type="stmt"/>
        <line num="481" count="536" type="stmt"/>
        <line num="482" count="0" type="cond" truecount="0" falsecount="2"/>
        <line num="483" count="0" type="stmt"/>
        <line num="484" count="0" type="stmt"/>
        <line num="487" count="536" type="stmt"/>
        <line num="488" count="0" type="cond" truecount="0" falsecount="2"/>
        <line num="489" count="0" type="stmt"/>
        <line num="490" count="0" type="stmt"/>
        <line num="491" count="0" type="stmt"/>
        <line num="492" count="0" type="stmt"/>
        <line num="493" count="0" type="stmt"/>
        <line num="494" count="0" type="stmt"/>
        <line num="496" count="0" type="stmt"/>
        <line num="499" count="536" type="stmt"/>
        <line num="500" count="2" type="stmt"/>
        <line num="501" count="2" type="stmt"/>
        <line num="502" count="2" type="stmt"/>
        <line num="503" count="2" type="stmt"/>
        <line num="504" count="2" type="stmt"/>
        <line num="505" count="2" type="stmt"/>
        <line num="506" count="2" type="stmt"/>
        <line num="510" count="536" type="stmt"/>
        <line num="511" count="145" type="stmt"/>
        <line num="512" count="145" type="cond" truecount="2" falsecount="0"/>
        <line num="513" count="8" type="stmt"/>
        <line num="514" count="8" type="stmt"/>
        <line num="516" count="8" type="stmt"/>
        <line num="520" count="536" type="stmt"/>
        <line num="521" count="1" type="stmt"/>
        <line num="522" count="1" type="cond" truecount="1" falsecount="1"/>
        <line num="523" count="1" type="stmt"/>
        <line num="525" count="1" type="stmt"/>
        <line num="528" count="536" type="stmt"/>
        <line num="529" count="1" type="stmt"/>
        <line num="530" count="1" type="stmt"/>
        <line num="533" count="536" type="stmt"/>
        <line num="534" count="0" type="stmt"/>
        <line num="537" count="536" type="stmt"/>
        <line num="538" count="0" type="stmt"/>
        <line num="541" count="536" type="stmt"/>
        <line num="542" count="0" type="stmt"/>
        <line num="545" count="536" type="stmt"/>
        <line num="546" count="0" type="stmt"/>
        <line num="547" count="0" type="stmt"/>
        <line num="550" count="536" type="stmt"/>
        <line num="551" count="0" type="stmt"/>
        <line num="552" count="0" type="stmt"/>
        <line num="553" count="0" type="stmt"/>
        <line num="554" count="0" type="stmt"/>
        <line num="557" count="536" type="stmt"/>
        <line num="558" count="0" type="stmt"/>
        <line num="559" count="0" type="stmt"/>
        <line num="562" count="536" type="stmt"/>
        <line num="563" count="0" type="stmt"/>
        <line num="564" count="0" type="stmt"/>
        <line num="567" count="536" type="stmt"/>
        <line num="568" count="0" type="stmt"/>
        <line num="571" count="536" type="stmt"/>
        <line num="572" count="0" type="stmt"/>
        <line num="573" count="0" type="stmt"/>
        <line num="574" count="0" type="stmt"/>
        <line num="577" count="536" type="stmt"/>
        <line num="578" count="0" type="stmt"/>
        <line num="579" count="0" type="stmt"/>
        <line num="582" count="536" type="stmt"/>
        <line num="583" count="1" type="stmt"/>
        <line num="584" count="1" type="stmt"/>
        <line num="585" count="1" type="stmt"/>
        <line num="588" count="536" type="stmt"/>
        <line num="590" count="4" type="cond" truecount="3" falsecount="1"/>
        <line num="591" count="0" type="stmt"/>
        <line num="592" count="0" type="stmt"/>
        <line num="595" count="4" type="stmt"/>
        <line num="598" count="536" type="stmt"/>
        <line num="599" count="1" type="stmt"/>
        <line num="602" count="536" type="stmt"/>
        <line num="603" count="4" type="stmt"/>
        <line num="606" count="536" type="stmt"/>
        <line num="607" count="1" type="stmt"/>
        <line num="610" count="536" type="stmt"/>
        <line num="611" count="4" type="stmt"/>
        <line num="614" count="536" type="stmt"/>
        <line num="615" count="1" type="stmt"/>
        <line num="618" count="536" type="stmt"/>
        <line num="619" count="6" type="stmt"/>
        <line num="622" count="536" type="stmt"/>
        <line num="623" count="0" type="stmt"/>
        <line num="626" count="536" type="stmt"/>
        <line num="627" count="0" type="stmt"/>
        <line num="628" count="0" type="stmt"/>
        <line num="631" count="536" type="stmt"/>
        <line num="632" count="0" type="stmt"/>
        <line num="635" count="536" type="stmt"/>
        <line num="636" count="1" type="stmt"/>
        <line num="639" count="536" type="stmt"/>
        <line num="640" count="0" type="stmt"/>
        <line num="641" count="0" type="stmt"/>
        <line num="642" count="0" type="stmt"/>
        <line num="643" count="0" type="stmt"/>
        <line num="644" count="0" type="stmt"/>
        <line num="647" count="536" type="stmt"/>
        <line num="648" count="0" type="stmt"/>
        <line num="651" count="536" type="stmt"/>
        <line num="652" count="0" type="stmt"/>
        <line num="655" count="536" type="stmt"/>
        <line num="656" count="0" type="stmt"/>
        <line num="657" count="0" type="stmt"/>
        <line num="658" count="0" type="stmt"/>
        <line num="661" count="536" type="stmt"/>
        <line num="662" count="2" type="cond" truecount="1" falsecount="12"/>
        <line num="664" count="0" type="stmt"/>
        <line num="665" count="0" type="stmt"/>
        <line num="667" count="0" type="stmt"/>
        <line num="668" count="0" type="stmt"/>
        <line num="670" count="0" type="stmt"/>
        <line num="671" count="0" type="stmt"/>
        <line num="673" count="0" type="stmt"/>
        <line num="674" count="0" type="stmt"/>
        <line num="675" count="0" type="stmt"/>
        <line num="677" count="0" type="stmt"/>
        <line num="678" count="0" type="stmt"/>
        <line num="679" count="0" type="stmt"/>
        <line num="681" count="0" type="stmt"/>
        <line num="682" count="0" type="stmt"/>
        <line num="684" count="2" type="stmt"/>
        <line num="685" count="2" type="stmt"/>
        <line num="686" count="2" type="stmt"/>
        <line num="687" count="2" type="stmt"/>
        <line num="689" count="0" type="stmt"/>
        <line num="690" count="0" type="stmt"/>
        <line num="692" count="0" type="stmt"/>
        <line num="693" count="0" type="stmt"/>
        <line num="695" count="0" type="stmt"/>
        <line num="696" count="0" type="stmt"/>
        <line num="698" count="0" type="stmt"/>
        <line num="699" count="0" type="stmt"/>
        <line num="701" count="0" type="stmt"/>
        <line num="702" count="0" type="stmt"/>
        <line num="704" count="0" type="stmt"/>
        <line num="705" count="0" type="stmt"/>
        <line num="709" count="536" type="stmt"/>
        <line num="712" count="536" type="cond" truecount="4" falsecount="0"/>
        <line num="713" count="8" type="stmt"/>
        <line num="717" count="528" type="cond" truecount="2" falsecount="2"/>
        <line num="718" count="0" type="stmt"/>
        <line num="722" count="0" type="stmt"/>
        <line num="723" count="0" type="stmt"/>
        <line num="724" count="0" type="stmt"/>
        <line num="731" count="528" type="cond" truecount="2" falsecount="4"/>
        <line num="732" count="0" type="stmt"/>
        <line num="742" count="528" type="stmt"/>
        <line num="906" count="1" type="stmt"/>
        <line num="926" count="0" type="stmt"/>
        <line num="944" count="528" type="stmt"/>
        <line num="945" count="491" type="cond" truecount="2" falsecount="0"/>
        <line num="946" count="37" type="stmt"/>
        <line num="947" count="37" type="cond" truecount="1" falsecount="1"/>
        <line num="948" count="528" type="stmt"/>
        <line num="949" count="528" type="stmt"/>
        <line num="950" count="528" type="stmt"/>
        <line num="951" count="528" type="stmt"/>
        <line num="1030" count="2112" type="stmt"/>
        <line num="1032" count="1" type="stmt"/>
        <line num="1049" count="3" type="stmt"/>
        <line num="1050" count="3" type="stmt"/>
        <line num="1051" count="3" type="stmt"/>
        <line num="1077" count="0" type="stmt"/>
        <line num="1117" count="24" type="cond" truecount="1" falsecount="1"/>
        <line num="1191" count="0" type="cond" truecount="0" falsecount="2"/>
        <line num="1239" count="0" type="stmt"/>
        <line num="1241" count="0" type="cond" truecount="0" falsecount="2"/>
        <line num="1242" count="0" type="stmt"/>
        <line num="1246" count="0" type="stmt"/>
        <line num="1252" count="2" type="stmt"/>
        <line num="1267" count="0" type="stmt"/>
        <line num="1268" count="0" type="stmt"/>
        <line num="1284" count="1" type="stmt"/>
        <line num="1317" count="0" type="cond" truecount="0" falsecount="2"/>
      </file>
    </package>
    <package name="src.components">
      <metrics statements="1202" coveredstatements="991" conditionals="1109" coveredconditionals="858" methods="413" coveredmethods="344"/>
      <file name="AbilityRadar.tsx" path="/Users/litang/WeChatProjects/en-learn/src/components/AbilityRadar.tsx">
        <metrics statements="42" coveredstatements="42" conditionals="16" coveredconditionals="15" methods="17" coveredmethods="17"/>
        <line num="16" count="23" type="stmt"/>
        <line num="24" count="23" type="stmt"/>
        <line num="45" count="6" type="cond" truecount="1" falsecount="1"/>
        <line num="48" count="9" type="stmt"/>
        <line num="51" count="6" type="stmt"/>
        <line num="52" count="6" type="cond" truecount="2" falsecount="0"/>
        <line num="55" count="6" type="stmt"/>
        <line num="58" count="180" type="stmt"/>
        <line num="61" count="6" type="stmt"/>
        <line num="62" count="180" type="stmt"/>
        <line num="63" count="180" type="stmt"/>
        <line num="70" count="24" type="stmt"/>
        <line num="73" count="6" type="stmt"/>
        <line num="74" count="30" type="stmt"/>
        <line num="75" count="120" type="stmt"/>
        <line num="80" count="6" type="cond" truecount="2" falsecount="0"/>
        <line num="82" count="20" type="stmt"/>
        <line num="83" count="20" type="stmt"/>
        <line num="84" count="20" type="stmt"/>
        <line num="85" count="20" type="stmt"/>
        <line num="90" count="16" type="stmt"/>
        <line num="92" count="6" type="cond" truecount="2" falsecount="0"/>
        <line num="93" count="1" type="stmt"/>
        <line num="102" count="4" type="stmt"/>
        <line num="116" count="4" type="stmt"/>
        <line num="129" count="5" type="stmt"/>
        <line num="143" count="25" type="stmt"/>
        <line num="145" count="100" type="stmt"/>
        <line num="154" count="20" type="stmt"/>
        <line num="167" count="20" type="stmt"/>
        <line num="175" count="20" type="stmt"/>
        <line num="186" count="16" type="stmt"/>
        <line num="187" count="16" type="stmt"/>
        <line num="188" count="16" type="stmt"/>
        <line num="189" count="16" type="stmt"/>
        <line num="190" count="16" type="stmt"/>
        <line num="193" count="16" type="stmt"/>
        <line num="195" count="16" type="cond" truecount="2" falsecount="0"/>
        <line num="196" count="4" type="stmt"/>
        <line num="197" count="12" type="cond" truecount="2" falsecount="0"/>
        <line num="198" count="4" type="stmt"/>
        <line num="201" count="16" type="stmt"/>
      </file>
      <file name="AchievementMomentCard.tsx" path="/Users/litang/WeChatProjects/en-learn/src/components/AchievementMomentCard.tsx">
        <metrics statements="9" coveredstatements="9" conditionals="29" coveredconditionals="28" methods="3" coveredmethods="3"/>
        <line num="15" count="1" type="stmt"/>
        <line num="24" count="1" type="stmt"/>
        <line num="59" count="3" type="cond" truecount="1" falsecount="1"/>
        <line num="60" count="3" type="stmt"/>
        <line num="79" count="22" type="stmt"/>
        <line num="81" count="22" type="cond" truecount="2" falsecount="0"/>
        <line num="82" count="22" type="stmt"/>
        <line num="84" count="22" type="stmt"/>
        <line num="229" count="2" type="stmt"/>
      </file>
      <file name="AchievementPanel.tsx" path="/Users/litang/WeChatProjects/en-learn/src/components/AchievementPanel.tsx">
        <metrics statements="30" coveredstatements="14" conditionals="39" coveredconditionals="23" methods="6" coveredmethods="6"/>
        <line num="6" count="19" type="stmt"/>
        <line num="26" count="1" type="stmt"/>
        <line num="27" count="1" type="stmt"/>
        <line num="28" count="1" type="stmt"/>
        <line num="29" count="1" type="stmt"/>
        <line num="30" count="1" type="stmt"/>
        <line num="34" count="9" type="cond" truecount="1" falsecount="8"/>
        <line num="36" count="9" type="stmt"/>
        <line num="38" count="0" type="stmt"/>
        <line num="40" count="0" type="stmt"/>
        <line num="42" count="0" type="stmt"/>
        <line num="44" count="0" type="stmt"/>
        <line num="46" count="0" type="stmt"/>
        <line num="48" count="0" type="stmt"/>
        <line num="50" count="0" type="stmt"/>
        <line num="52" count="0" type="stmt"/>
        <line num="58" count="6" type="cond" truecount="1" falsecount="8"/>
        <line num="60" count="6" type="stmt"/>
        <line num="62" count="0" type="stmt"/>
        <line num="64" count="0" type="stmt"/>
        <line num="66" count="0" type="stmt"/>
        <line num="68" count="0" type="stmt"/>
        <line num="70" count="0" type="stmt"/>
        <line num="72" count="0" type="stmt"/>
        <line num="74" count="0" type="stmt"/>
        <line num="76" count="0" type="stmt"/>
        <line num="81" count="10" type="cond" truecount="2" falsecount="0"/>
        <line num="83" count="10" type="stmt"/>
        <line num="100" count="1" type="stmt"/>
        <line num="188" count="12" type="stmt"/>
      </file>
      <file name="AchievementToast.tsx" path="/Users/litang/WeChatProjects/en-learn/src/components/AchievementToast.tsx">
        <metrics statements="11" coveredstatements="8" conditionals="12" coveredconditionals="8" methods="4" coveredmethods="3"/>
        <line num="14" count="21" type="stmt"/>
        <line num="23" count="21" type="stmt"/>
        <line num="43" count="7" type="stmt"/>
        <line num="44" count="0" type="cond" truecount="1" falsecount="1"/>
        <line num="45" count="7" type="stmt"/>
        <line num="46" count="0" type="stmt"/>
        <line num="48" count="7" type="stmt"/>
        <line num="51" count="0" type="cond" truecount="1" falsecount="1"/>
        <line num="53" count="7" type="cond" truecount="1" falsecount="1"/>
        <line num="54" count="7" type="cond" truecount="2" falsecount="0"/>
        <line num="56" count="7" type="stmt"/>
      </file>
      <file name="BadgeExportPanel.tsx" path="/Users/litang/WeChatProjects/en-learn/src/components/BadgeExportPanel.tsx">
        <metrics statements="25" coveredstatements="25" conditionals="20" coveredconditionals="19" methods="6" coveredmethods="6"/>
        <line num="21" count="20" type="stmt"/>
        <line num="41" count="20" type="stmt"/>
        <line num="52" count="63" type="cond" truecount="2" falsecount="0"/>
        <line num="53" count="63" type="stmt"/>
        <line num="57" count="7" type="stmt"/>
        <line num="58" count="7" type="stmt"/>
        <line num="59" count="7" type="stmt"/>
        <line num="60" count="7" type="stmt"/>
        <line num="61" count="7" type="stmt"/>
        <line num="72" count="39" type="stmt"/>
        <line num="73" count="39" type="stmt"/>
        <line num="74" count="39" type="stmt"/>
        <line num="76" count="39" type="stmt"/>
        <line num="77" count="1" type="stmt"/>
        <line num="81" count="39" type="stmt"/>
        <line num="82" count="39" type="stmt"/>
        <line num="83" count="234" type="cond" truecount="2" falsecount="0"/>
        <line num="84" count="234" type="stmt"/>
        <line num="85" count="234" type="stmt"/>
        <line num="87" count="39" type="stmt"/>
        <line num="89" count="39" type="stmt"/>
        <line num="149" count="63" type="cond" truecount="1" falsecount="1"/>
        <line num="150" count="63" type="stmt"/>
        <line num="157" count="63" type="stmt"/>
        <line num="158" count="63" type="stmt"/>
      </file>
      <file name="BadgePanel.tsx" path="/Users/litang/WeChatProjects/en-learn/src/components/BadgePanel.tsx">
        <metrics statements="37" coveredstatements="31" conditionals="25" coveredconditionals="18" methods="11" coveredmethods="8"/>
        <line num="23" count="19" type="stmt"/>
        <line num="41" count="19" type="stmt"/>
        <line num="52" count="6" type="stmt"/>
        <line num="53" count="6" type="stmt"/>
        <line num="54" count="6" type="stmt"/>
        <line num="55" count="6" type="stmt"/>
        <line num="56" count="6" type="stmt"/>
        <line num="60" count="168" type="cond" truecount="1" falsecount="1"/>
        <line num="61" count="168" type="stmt"/>
        <line num="65" count="14" type="stmt"/>
        <line num="66" count="14" type="stmt"/>
        <line num="67" count="14" type="stmt"/>
        <line num="69" count="14" type="stmt"/>
        <line num="70" count="10" type="stmt"/>
        <line num="71" count="10" type="stmt"/>
        <line num="72" count="120" type="cond" truecount="2" falsecount="0"/>
        <line num="73" count="120" type="stmt"/>
        <line num="74" count="120" type="stmt"/>
        <line num="76" count="10" type="stmt"/>
        <line num="79" count="14" type="stmt"/>
        <line num="80" count="14" type="stmt"/>
        <line num="81" count="14" type="stmt"/>
        <line num="83" count="14" type="stmt"/>
        <line num="84" count="0" type="cond" truecount="0" falsecount="2"/>
        <line num="85" count="0" type="stmt"/>
        <line num="86" count="0" type="cond" truecount="0" falsecount="2"/>
        <line num="87" count="0" type="stmt"/>
        <line num="91" count="14" type="stmt"/>
        <line num="114" count="0" type="stmt"/>
        <line num="126" count="98" type="cond" truecount="1" falsecount="1"/>
        <line num="127" count="98" type="stmt"/>
        <line num="134" count="168" type="stmt"/>
        <line num="135" count="168" type="stmt"/>
        <line num="137" count="168" type="stmt"/>
        <line num="149" count="3" type="stmt"/>
        <line num="203" count="1" type="stmt"/>
        <line num="210" count="0" type="stmt"/>
      </file>
      <file name="BadgeUnlockToast.tsx" path="/Users/litang/WeChatProjects/en-learn/src/components/BadgeUnlockToast.tsx">
        <metrics statements="14" coveredstatements="10" conditionals="10" coveredconditionals="9" methods="6" coveredmethods="4"/>
        <line num="18" count="18" type="stmt"/>
        <line num="36" count="6" type="cond" truecount="1" falsecount="1"/>
        <line num="37" count="6" type="stmt"/>
        <line num="41" count="341" type="stmt"/>
        <line num="42" count="335" type="cond" truecount="2" falsecount="0"/>
        <line num="44" count="6" type="stmt"/>
        <line num="45" count="0" type="stmt"/>
        <line num="48" count="6" type="stmt"/>
        <line num="51" count="335" type="cond" truecount="2" falsecount="0"/>
        <line num="53" count="6" type="stmt"/>
        <line num="54" count="0" type="stmt"/>
        <line num="55" count="0" type="stmt"/>
        <line num="56" count="0" type="stmt"/>
        <line num="59" count="6" type="stmt"/>
      </file>
      <file name="DailyChallengePanel.tsx" path="/Users/litang/WeChatProjects/en-learn/src/components/DailyChallengePanel.tsx">
        <metrics statements="9" coveredstatements="8" conditionals="14" coveredconditionals="13" methods="5" coveredmethods="5"/>
        <line num="14" count="11" type="stmt"/>
        <line num="15" count="11" type="stmt"/>
        <line num="19" count="0" type="cond" truecount="1" falsecount="1"/>
        <line num="20" count="10" type="stmt"/>
        <line num="28" count="11" type="stmt"/>
        <line num="30" count="11" type="stmt"/>
        <line num="65" count="10" type="stmt"/>
        <line num="67" count="10" type="stmt"/>
        <line num="93" count="1" type="stmt"/>
      </file>
      <file name="DailyReviewPlan.tsx" path="/Users/litang/WeChatProjects/en-learn/src/components/DailyReviewPlan.tsx">
        <metrics statements="8" coveredstatements="8" conditionals="17" coveredconditionals="12" methods="3" coveredmethods="3"/>
        <line num="28" count="8" type="stmt"/>
        <line num="29" count="8" type="stmt"/>
        <line num="30" count="8" type="stmt"/>
        <line num="33" count="8" type="stmt"/>
        <line num="36" count="8" type="stmt"/>
        <line num="37" count="8" type="stmt"/>
        <line num="41" count="8" type="stmt"/>
        <line num="43" count="8" type="stmt"/>
      </file>
      <file name="DataManager.tsx" path="/Users/litang/WeChatProjects/en-learn/src/components/DataManager.tsx">
        <metrics statements="51" coveredstatements="45" conditionals="20" coveredconditionals="14" methods="9" coveredmethods="7"/>
        <line num="41" count="18" type="stmt"/>
        <line num="42" count="18" type="stmt"/>
        <line num="43" count="18" type="stmt"/>
        <line num="44" count="18" type="stmt"/>
        <line num="45" count="18" type="stmt"/>
        <line num="46" count="18" type="stmt"/>
        <line num="47" count="18" type="stmt"/>
        <line num="48" count="18" type="stmt"/>
        <line num="50" count="18" type="stmt"/>
        <line num="51" count="1" type="stmt"/>
        <line num="52" count="1" type="stmt"/>
        <line num="53" count="1" type="stmt"/>
        <line num="54" count="1" type="stmt"/>
        <line num="55" count="1" type="stmt"/>
        <line num="57" count="1" type="stmt"/>
        <line num="58" count="1" type="stmt"/>
        <line num="59" count="1" type="stmt"/>
        <line num="60" count="1" type="stmt"/>
        <line num="61" count="1" type="stmt"/>
        <line num="62" count="1" type="stmt"/>
        <line num="63" count="1" type="stmt"/>
        <line num="66" count="18" type="stmt"/>
        <line num="68" count="5" type="stmt"/>
        <line num="69" count="0" type="cond" truecount="1" falsecount="1"/>
        <line num="71" count="5" type="stmt"/>
        <line num="72" count="5" type="stmt"/>
        <line num="73" count="5" type="stmt"/>
        <line num="74" count="5" type="stmt"/>
        <line num="75" count="5" type="stmt"/>
        <line num="76" count="5" type="stmt"/>
        <line num="77" count="5" type="stmt"/>
        <line num="79" count="1" type="stmt"/>
        <line num="85" count="5" type="stmt"/>
        <line num="88" count="5" type="stmt"/>
        <line num="93" count="18" type="stmt"/>
        <line num="94" count="0" type="cond" truecount="1" falsecount="1"/>
        <line num="96" count="2" type="stmt"/>
        <line num="97" count="2" type="cond" truecount="2" falsecount="0"/>
        <line num="98" count="1" type="stmt"/>
        <line num="100" count="1" type="stmt"/>
        <line num="103" count="2" type="stmt"/>
        <line num="104" count="2" type="stmt"/>
        <line num="107" count="18" type="stmt"/>
        <line num="108" count="1" type="stmt"/>
        <line num="109" count="1" type="stmt"/>
        <line num="112" count="18" type="stmt"/>
        <line num="237" count="1" type="stmt"/>
        <line num="248" count="0" type="stmt"/>
        <line num="249" count="0" type="stmt"/>
        <line num="262" count="0" type="stmt"/>
        <line num="263" count="0" type="stmt"/>
      </file>
      <file name="DictionaryBrowser.tsx" path="/Users/litang/WeChatProjects/en-learn/src/components/DictionaryBrowser.tsx">
        <metrics statements="75" coveredstatements="74" conditionals="55" coveredconditionals="48" methods="28" coveredmethods="26"/>
        <line num="24" count="23" type="stmt"/>
        <line num="42" count="314" type="stmt"/>
        <line num="43" count="314" type="stmt"/>
        <line num="44" count="314" type="stmt"/>
        <line num="45" count="314" type="stmt"/>
        <line num="46" count="314" type="stmt"/>
        <line num="47" count="314" type="stmt"/>
        <line num="49" count="47" type="cond" truecount="2" falsecount="0"/>
        <line num="52" count="314" type="stmt"/>
        <line num="53" count="314" type="stmt"/>
        <line num="54" count="314" type="stmt"/>
        <line num="55" count="314" type="stmt"/>
        <line num="57" count="314" type="stmt"/>
        <line num="60" count="314" type="stmt"/>
        <line num="63" count="314" type="stmt"/>
        <line num="64" count="314" type="stmt"/>
        <line num="67" count="314" type="stmt"/>
        <line num="68" count="47" type="cond" truecount="2" falsecount="0"/>
        <line num="69" count="1" type="stmt"/>
        <line num="74" count="314" type="stmt"/>
        <line num="75" count="61" type="stmt"/>
        <line num="76" count="10" type="stmt"/>
        <line num="78" count="61" type="stmt"/>
        <line num="82" count="314" type="stmt"/>
        <line num="83" count="1" type="stmt"/>
        <line num="84" count="1" type="stmt"/>
        <line num="85" count="1" type="stmt"/>
        <line num="86" count="1" type="stmt"/>
        <line num="90" count="314" type="stmt"/>
        <line num="91" count="7" type="stmt"/>
        <line num="95" count="314" type="stmt"/>
        <line num="96" count="265" type="stmt"/>
        <line num="102" count="314" type="stmt"/>
        <line num="103" count="48" type="stmt"/>
        <line num="105" count="48" type="stmt"/>
        <line num="106" count="48" type="stmt"/>
        <line num="107" count="48" type="stmt"/>
        <line num="110" count="48" type="stmt"/>
        <line num="112" count="47" type="cond" truecount="1" falsecount="1"/>
        <line num="113" count="47" type="stmt"/>
        <line num="114" count="47" type="stmt"/>
        <line num="115" count="47" type="stmt"/>
        <line num="120" count="1" type="cond" truecount="1" falsecount="1"/>
        <line num="121" count="1" type="stmt"/>
        <line num="122" count="1" type="stmt"/>
        <line num="123" count="1" type="stmt"/>
        <line num="124" count="1" type="stmt"/>
        <line num="129" count="48" type="stmt"/>
        <line num="130" count="48" type="stmt"/>
        <line num="135" count="314" type="stmt"/>
        <line num="137" count="292" type="cond" truecount="2" falsecount="0"/>
        <line num="140" count="9" type="stmt"/>
        <line num="143" count="9" type="cond" truecount="2" falsecount="0"/>
        <line num="144" count="1" type="stmt"/>
        <line num="148" count="9" type="cond" truecount="2" falsecount="0"/>
        <line num="149" count="1" type="stmt"/>
        <line num="150" count="1" type="cond" truecount="1" falsecount="1"/>
        <line num="151" count="1" type="stmt"/>
        <line num="155" count="9" type="stmt"/>
        <line num="159" count="283" type="cond" truecount="2" falsecount="0"/>
        <line num="160" count="45" type="stmt"/>
        <line num="163" count="292" type="cond" truecount="2" falsecount="0"/>
        <line num="164" count="10" type="stmt"/>
        <line num="165" count="25" type="cond" truecount="1" falsecount="1"/>
        <line num="166" count="25" type="stmt"/>
        <line num="170" count="283" type="stmt"/>
        <line num="173" count="314" type="stmt"/>
        <line num="197" count="14" type="stmt"/>
        <line num="219" count="2512" type="stmt"/>
        <line num="231" count="2198" type="stmt"/>
        <line num="266" count="274" type="cond" truecount="1" falsecount="1"/>
        <line num="267" count="274" type="stmt"/>
        <line num="269" count="274" type="stmt"/>
        <line num="275" count="2" type="stmt"/>
        <line num="323" count="0" type="stmt"/>
      </file>
      <file name="DictionaryProgressOverview.tsx" path="/Users/litang/WeChatProjects/en-learn/src/components/DictionaryProgressOverview.tsx">
        <metrics statements="13" coveredstatements="13" conditionals="22" coveredconditionals="22" methods="7" coveredmethods="7"/>
        <line num="24" count="28" type="stmt"/>
        <line num="25" count="28" type="stmt"/>
        <line num="27" count="28" type="stmt"/>
        <line num="29" count="1" type="stmt"/>
        <line num="92" count="9" type="stmt"/>
        <line num="94" count="18" type="cond" truecount="4" falsecount="0"/>
        <line num="95" count="9" type="cond" truecount="4" falsecount="0"/>
        <line num="97" count="11" type="stmt"/>
        <line num="101" count="9" type="stmt"/>
        <line num="102" count="28" type="stmt"/>
        <line num="103" count="28" type="stmt"/>
        <line num="105" count="9" type="stmt"/>
        <line num="127" count="28" type="stmt"/>
      </file>
      <file name="DictionarySelector.tsx" path="/Users/litang/WeChatProjects/en-learn/src/components/DictionarySelector.tsx">
        <metrics statements="2" coveredstatements="2" conditionals="0" coveredconditionals="0" methods="2" coveredmethods="2"/>
        <line num="17" count="385" type="stmt"/>
        <line num="24" count="676" type="stmt"/>
      </file>
      <file name="ErrorScreen.tsx" path="/Users/litang/WeChatProjects/en-learn/src/components/ErrorScreen.tsx">
        <metrics statements="1" coveredstatements="0" conditionals="0" coveredconditionals="0" methods="1" coveredmethods="0"/>
        <line num="10" count="0" type="stmt"/>
      </file>
      <file name="FlowStateBanner.tsx" path="/Users/litang/WeChatProjects/en-learn/src/components/FlowStateBanner.tsx">
        <metrics statements="8" coveredstatements="5" conditionals="8" coveredconditionals="4" methods="1" coveredmethods="1"/>
        <line num="16" count="376" type="cond" truecount="2" falsecount="0"/>
        <line num="17" count="363" type="stmt"/>
        <line num="20" count="13" type="cond" truecount="1" falsecount="1"/>
        <line num="21" count="0" type="stmt"/>
        <line num="22" count="0" type="stmt"/>
        <line num="30" count="13" type="cond" truecount="1" falsecount="1"/>
        <line num="31" count="0" type="stmt"/>
        <line num="39" count="13" type="stmt"/>
      </file>
      <file name="FocusModeOverlay.tsx" path="/Users/litang/WeChatProjects/en-learn/src/components/FocusModeOverlay.tsx">
        <metrics statements="20" coveredstatements="20" conditionals="5" coveredconditionals="5" methods="7" coveredmethods="7"/>
        <line num="29" count="403" type="stmt"/>
        <line num="30" count="403" type="stmt"/>
        <line num="31" count="403" type="stmt"/>
        <line num="34" count="403" type="stmt"/>
        <line num="35" count="151" type="stmt"/>
        <line num="39" count="403" type="stmt"/>
        <line num="40" count="147" type="cond" truecount="2" falsecount="0"/>
        <line num="41" count="11" type="stmt"/>
        <line num="42" count="5" type="stmt"/>
        <line num="44" count="11" type="stmt"/>
        <line num="48" count="403" type="stmt"/>
        <line num="49" count="12" type="stmt"/>
        <line num="50" count="12" type="stmt"/>
        <line num="51" count="12" type="stmt"/>
        <line num="54" count="403" type="stmt"/>
        <line num="55" count="3" type="stmt"/>
        <line num="60" count="3" type="stmt"/>
        <line num="61" count="3" type="stmt"/>
        <line num="64" count="391" type="cond" truecount="2" falsecount="0"/>
        <line num="66" count="12" type="stmt"/>
      </file>
      <file name="FocusSessionSummary.tsx" path="/Users/litang/WeChatProjects/en-learn/src/components/FocusSessionSummary.tsx">
        <metrics statements="5" coveredstatements="5" conditionals="0" coveredconditionals="0" methods="2" coveredmethods="2"/>
        <line num="12" count="6" type="stmt"/>
        <line num="13" count="6" type="stmt"/>
        <line num="14" count="6" type="stmt"/>
        <line num="15" count="6" type="stmt"/>
        <line num="18" count="6" type="stmt"/>
      </file>
      <file name="GoalCompletionToast.tsx" path="/Users/litang/WeChatProjects/en-learn/src/components/GoalCompletionToast.tsx">
        <metrics statements="13" coveredstatements="13" conditionals="19" coveredconditionals="19" methods="6" coveredmethods="6"/>
        <line num="18" count="16" type="cond" truecount="3" falsecount="0"/>
        <line num="20" count="11" type="stmt"/>
        <line num="22" count="3" type="stmt"/>
        <line num="24" count="2" type="stmt"/>
        <line num="39" count="413" type="stmt"/>
        <line num="40" count="397" type="cond" truecount="2" falsecount="0"/>
        <line num="42" count="16" type="stmt"/>
        <line num="43" count="2" type="stmt"/>
        <line num="46" count="16" type="stmt"/>
        <line num="49" count="413" type="cond" truecount="2" falsecount="0"/>
        <line num="51" count="413" type="stmt"/>
        <line num="88" count="2" type="stmt"/>
        <line num="89" count="2" type="stmt"/>
      </file>
      <file name="GoalProgressCard.tsx" path="/Users/litang/WeChatProjects/en-learn/src/components/GoalProgressCard.tsx">
        <metrics statements="24" coveredstatements="24" conditionals="43" coveredconditionals="43" methods="5" coveredmethods="5"/>
        <line num="16" count="18" type="cond" truecount="3" falsecount="0"/>
        <line num="18" count="14" type="stmt"/>
        <line num="20" count="2" type="stmt"/>
        <line num="22" count="2" type="stmt"/>
        <line num="28" count="20" type="cond" truecount="2" falsecount="0"/>
        <line num="29" count="3" type="stmt"/>
        <line num="36" count="17" type="cond" truecount="4" falsecount="0"/>
        <line num="38" count="1" type="stmt"/>
        <line num="40" count="2" type="stmt"/>
        <line num="42" count="2" type="stmt"/>
        <line num="44" count="12" type="stmt"/>
        <line num="50" count="19" type="cond" truecount="3" falsecount="0"/>
        <line num="52" count="15" type="stmt"/>
        <line num="54" count="2" type="stmt"/>
        <line num="56" count="2" type="stmt"/>
        <line num="61" count="1" type="cond" truecount="2" falsecount="0"/>
        <line num="62" count="19" type="stmt"/>
        <line num="76" count="20" type="cond" truecount="2" falsecount="0"/>
        <line num="77" count="20" type="stmt"/>
        <line num="78" count="20" type="stmt"/>
        <line num="79" count="20" type="stmt"/>
        <line num="81" count="20" type="cond" truecount="2" falsecount="0"/>
        <line num="82" count="10" type="stmt"/>
        <line num="114" count="10" type="stmt"/>
      </file>
      <file name="GoalSettingPanel.tsx" path="/Users/litang/WeChatProjects/en-learn/src/components/GoalSettingPanel.tsx">
        <metrics statements="48" coveredstatements="42" conditionals="31" coveredconditionals="27" methods="34" coveredmethods="29"/>
        <line num="24" count="66" type="stmt"/>
        <line num="29" count="66" type="stmt"/>
        <line num="34" count="66" type="stmt"/>
        <line num="39" count="66" type="stmt"/>
        <line num="44" count="66" type="stmt"/>
        <line num="61" count="83" type="stmt"/>
        <line num="64" count="249" type="stmt"/>
        <line num="68" count="1" type="stmt"/>
        <line num="104" count="83" type="stmt"/>
        <line num="105" count="83" type="stmt"/>
        <line num="107" count="83" type="stmt"/>
        <line num="108" count="1" type="stmt"/>
        <line num="109" count="1" type="stmt"/>
        <line num="110" count="1" type="stmt"/>
        <line num="113" count="83" type="stmt"/>
        <line num="114" count="1" type="stmt"/>
        <line num="117" count="83" type="stmt"/>
        <line num="118" count="1" type="stmt"/>
        <line num="119" count="1" type="cond" truecount="3" falsecount="1"/>
        <line num="120" count="1" type="stmt"/>
        <line num="122" count="1" type="stmt"/>
        <line num="125" count="83" type="stmt"/>
        <line num="126" count="0" type="cond" truecount="0" falsecount="2"/>
        <line num="127" count="0" type="stmt"/>
        <line num="131" count="167" type="stmt"/>
        <line num="133" count="83" type="stmt"/>
        <line num="154" count="2" type="stmt"/>
        <line num="185" count="14" type="stmt"/>
        <line num="187" count="16" type="stmt"/>
        <line num="188" count="2" type="stmt"/>
        <line num="189" count="10" type="cond" truecount="2" falsecount="0"/>
        <line num="193" count="16" type="stmt"/>
        <line num="194" count="1" type="stmt"/>
        <line num="195" count="5" type="stmt"/>
        <line num="196" count="1" type="stmt"/>
        <line num="200" count="80" type="stmt"/>
        <line num="201" count="80" type="stmt"/>
        <line num="204" count="16" type="stmt"/>
        <line num="205" count="32" type="stmt"/>
        <line num="206" count="48" type="stmt"/>
        <line num="209" count="16" type="stmt"/>
        <line num="210" count="32" type="stmt"/>
        <line num="212" count="16" type="stmt"/>
        <line num="249" count="2" type="stmt"/>
        <line num="261" count="0" type="stmt"/>
        <line num="273" count="0" type="stmt"/>
        <line num="295" count="0" type="stmt"/>
        <line num="307" count="0" type="stmt"/>
      </file>
      <file name="HistoryView.tsx" path="/Users/litang/WeChatProjects/en-learn/src/components/HistoryView.tsx">
        <metrics statements="44" coveredstatements="38" conditionals="25" coveredconditionals="20" methods="13" coveredmethods="12"/>
        <line num="30" count="8" type="stmt"/>
        <line num="38" count="7" type="stmt"/>
        <line num="39" count="7" type="stmt"/>
        <line num="40" count="7" type="stmt"/>
        <line num="41" count="7" type="stmt"/>
        <line num="43" count="6" type="cond" truecount="2" falsecount="0"/>
        <line num="44" count="1" type="cond" truecount="1" falsecount="1"/>
        <line num="45" count="0" type="stmt"/>
        <line num="49" count="0" type="cond" truecount="1" falsecount="1"/>
        <line num="50" count="9" type="stmt"/>
        <line num="51" count="9" type="stmt"/>
        <line num="52" count="9" type="cond" truecount="1" falsecount="1"/>
        <line num="53" count="9" type="cond" truecount="2" falsecount="0"/>
        <line num="55" count="0" type="stmt"/>
        <line num="56" count="0" type="stmt"/>
        <line num="57" count="0" type="cond" truecount="0" falsecount="2"/>
        <line num="61" count="9" type="stmt"/>
        <line num="62" count="9" type="stmt"/>
        <line num="63" count="9" type="stmt"/>
        <line num="64" count="9" type="stmt"/>
        <line num="68" count="11" type="stmt"/>
        <line num="69" count="11" type="stmt"/>
        <line num="71" count="11" type="stmt"/>
        <line num="72" count="9" type="stmt"/>
        <line num="73" count="9" type="stmt"/>
        <line num="74" count="7" type="stmt"/>
        <line num="75" count="7" type="cond" truecount="2" falsecount="0"/>
        <line num="76" count="7" type="stmt"/>
        <line num="77" count="7" type="stmt"/>
        <line num="80" count="9" type="stmt"/>
        <line num="81" count="9" type="stmt"/>
        <line num="82" count="27" type="stmt"/>
        <line num="83" count="27" type="cond" truecount="4" falsecount="0"/>
        <line num="84" count="6" type="stmt"/>
        <line num="87" count="9" type="stmt"/>
        <line num="90" count="11" type="stmt"/>
        <line num="91" count="1" type="stmt"/>
        <line num="92" count="1" type="stmt"/>
        <line num="93" count="1" type="stmt"/>
        <line num="96" count="11" type="stmt"/>
        <line num="116" count="2" type="stmt"/>
        <line num="141" count="8" type="stmt"/>
        <line num="148" count="9" type="stmt"/>
        <line num="200" count="0" type="stmt"/>
      </file>
      <file name="InviteFriendsPanel.tsx" path="/Users/litang/WeChatProjects/en-learn/src/components/InviteFriendsPanel.tsx">
        <metrics statements="40" coveredstatements="32" conditionals="24" coveredconditionals="21" methods="6" coveredmethods="5"/>
        <line num="28" count="117" type="stmt"/>
        <line num="30" count="117" type="stmt"/>
        <line num="31" count="117" type="stmt"/>
        <line num="32" count="117" type="stmt"/>
        <line num="33" count="117" type="stmt"/>
        <line num="35" count="117" type="stmt"/>
        <line num="36" count="0" type="cond" truecount="1" falsecount="1"/>
        <line num="38" count="2" type="stmt"/>
        <line num="39" count="2" type="stmt"/>
        <line num="40" count="2" type="stmt"/>
        <line num="41" count="2" type="stmt"/>
        <line num="42" count="0" type="stmt"/>
        <line num="44" count="0" type="stmt"/>
        <line num="48" count="117" type="stmt"/>
        <line num="49" count="0" type="cond" truecount="1" falsecount="1"/>
        <line num="51" count="4" type="stmt"/>
        <line num="52" count="4" type="stmt"/>
        <line num="54" count="4" type="cond" truecount="2" falsecount="0"/>
        <line num="55" count="1" type="stmt"/>
        <line num="62" count="3" type="stmt"/>
        <line num="63" count="3" type="stmt"/>
        <line num="67" count="4" type="stmt"/>
        <line num="68" count="4" type="stmt"/>
        <line num="71" count="0" type="stmt"/>
        <line num="73" count="4" type="stmt"/>
        <line num="77" count="117" type="stmt"/>
        <line num="78" count="5" type="cond" truecount="1" falsecount="1"/>
        <line num="79" count="0" type="stmt"/>
        <line num="80" count="0" type="stmt"/>
        <line num="83" count="5" type="stmt"/>
        <line num="84" count="5" type="stmt"/>
        <line num="85" count="5" type="stmt"/>
        <line num="86" count="4" type="cond" truecount="2" falsecount="0"/>
        <line num="87" count="3" type="stmt"/>
        <line num="88" count="3" type="stmt"/>
        <line num="90" count="1" type="stmt"/>
        <line num="93" count="0" type="stmt"/>
        <line num="95" count="4" type="stmt"/>
        <line num="99" count="117" type="stmt"/>
        <line num="235" count="72" type="stmt"/>
      </file>
      <file name="Leaderboard.tsx" path="/Users/litang/WeChatProjects/en-learn/src/components/Leaderboard.tsx">
        <metrics statements="26" coveredstatements="24" conditionals="34" coveredconditionals="29" methods="9" coveredmethods="9"/>
        <line num="23" count="21" type="stmt"/>
        <line num="29" count="21" type="stmt"/>
        <line num="36" count="10" type="cond" truecount="2" falsecount="0"/>
        <line num="37" count="2" type="stmt"/>
        <line num="45" count="8" type="cond" truecount="2" falsecount="0"/>
        <line num="46" count="2" type="stmt"/>
        <line num="54" count="6" type="cond" truecount="2" falsecount="0"/>
        <line num="55" count="2" type="stmt"/>
        <line num="63" count="4" type="stmt"/>
        <line num="73" count="10" type="stmt"/>
        <line num="74" count="10" type="stmt"/>
        <line num="75" count="10" type="cond" truecount="1" falsecount="1"/>
        <line num="76" count="0" type="stmt"/>
        <line num="78" count="10" type="cond" truecount="1" falsecount="1"/>
        <line num="79" count="0" type="stmt"/>
        <line num="81" count="10" type="stmt"/>
        <line num="94" count="12" type="stmt"/>
        <line num="96" count="12" type="stmt"/>
        <line num="140" count="36" type="stmt"/>
        <line num="142" count="2" type="stmt"/>
        <line num="165" count="36" type="stmt"/>
        <line num="167" count="3" type="stmt"/>
        <line num="185" count="25" type="stmt"/>
        <line num="229" count="10" type="stmt"/>
        <line num="230" count="10" type="stmt"/>
        <line num="232" count="10" type="stmt"/>
      </file>
      <file name="LearningEfficiencyPanel.tsx" path="/Users/litang/WeChatProjects/en-learn/src/components/LearningEfficiencyPanel.tsx">
        <metrics statements="19" coveredstatements="17" conditionals="22" coveredconditionals="20" methods="5" coveredmethods="5"/>
        <line num="10" count="23" type="stmt"/>
        <line num="17" count="23" type="stmt"/>
        <line num="24" count="4" type="cond" truecount="2" falsecount="0"/>
        <line num="25" count="22" type="cond" truecount="2" falsecount="0"/>
        <line num="26" count="11" type="cond" truecount="2" falsecount="0"/>
        <line num="27" count="5" type="stmt"/>
        <line num="31" count="1" type="cond" truecount="2" falsecount="0"/>
        <line num="32" count="11" type="cond" truecount="2" falsecount="0"/>
        <line num="33" count="0" type="cond" truecount="1" falsecount="1"/>
        <line num="34" count="2" type="stmt"/>
        <line num="38" count="1" type="cond" truecount="2" falsecount="0"/>
        <line num="39" count="11" type="cond" truecount="2" falsecount="0"/>
        <line num="40" count="0" type="cond" truecount="1" falsecount="1"/>
        <line num="41" count="2" type="stmt"/>
        <line num="45" count="14" type="stmt"/>
        <line num="47" count="14" type="stmt"/>
        <line num="74" count="14" type="stmt"/>
        <line num="78" count="14" type="stmt"/>
        <line num="108" count="42" type="stmt"/>
      </file>
      <file name="LearningProfile.tsx" path="/Users/litang/WeChatProjects/en-learn/src/components/LearningProfile.tsx">
        <metrics statements="16" coveredstatements="14" conditionals="8" coveredconditionals="6" methods="8" coveredmethods="7"/>
        <line num="14" count="10" type="stmt"/>
        <line num="15" count="10" type="stmt"/>
        <line num="18" count="10" type="stmt"/>
        <line num="19" count="10" type="stmt"/>
        <line num="21" count="30" type="stmt"/>
        <line num="25" count="10" type="stmt"/>
        <line num="26" count="10" type="stmt"/>
        <line num="29" count="10" type="stmt"/>
        <line num="30" count="10" type="stmt"/>
        <line num="31" count="0" type="cond" truecount="1" falsecount="1"/>
        <line num="32" count="10" type="stmt"/>
        <line num="35" count="10" type="stmt"/>
        <line num="116" count="20" type="cond" truecount="2" falsecount="0"/>
        <line num="187" count="1" type="stmt"/>
        <line num="193" count="0" type="stmt"/>
        <line num="200" count="1" type="stmt"/>
      </file>
      <file name="LearningTimeInsights.tsx" path="/Users/litang/WeChatProjects/en-learn/src/components/LearningTimeInsights.tsx">
        <metrics statements="11" coveredstatements="0" conditionals="10" coveredconditionals="0" methods="3" coveredmethods="0"/>
        <line num="10" count="0" type="cond" truecount="0" falsecount="2"/>
        <line num="11" count="0" type="stmt"/>
        <line num="12" count="0" type="cond" truecount="0" falsecount="2"/>
        <line num="13" count="0" type="stmt"/>
        <line num="14" count="0" type="stmt"/>
        <line num="15" count="0" type="cond" truecount="0" falsecount="2"/>
        <line num="27" count="0" type="stmt"/>
        <line num="29" count="0" type="cond" truecount="0" falsecount="2"/>
        <line num="30" count="0" type="stmt"/>
        <line num="41" count="0" type="stmt"/>
        <line num="72" count="0" type="stmt"/>
      </file>
      <file name="LoadingScreen.tsx" path="/Users/litang/WeChatProjects/en-learn/src/components/LoadingScreen.tsx">
        <metrics statements="1" coveredstatements="1" conditionals="2" coveredconditionals="1" methods="1" coveredmethods="1"/>
        <line num="8" count="8" type="stmt"/>
      </file>
      <file name="LongTermMilestoneCard.tsx" path="/Users/litang/WeChatProjects/en-learn/src/components/LongTermMilestoneCard.tsx">
        <metrics statements="10" coveredstatements="9" conditionals="15" coveredconditionals="13" methods="5" coveredmethods="5"/>
        <line num="24" count="337" type="stmt"/>
        <line num="39" count="55" type="stmt"/>
        <line num="40" count="55" type="stmt"/>
        <line num="41" count="55" type="stmt"/>
        <line num="42" count="55" type="cond" truecount="1" falsecount="1"/>
        <line num="44" count="55" type="stmt"/>
        <line num="124" count="108" type="stmt"/>
        <line num="125" count="0" type="cond" truecount="1" falsecount="1"/>
        <line num="127" count="108" type="stmt"/>
        <line num="130" count="1" type="stmt"/>
      </file>
      <file name="MilestoneCard.tsx" path="/Users/litang/WeChatProjects/en-learn/src/components/MilestoneCard.tsx">
        <metrics statements="2" coveredstatements="2" conditionals="6" coveredconditionals="6" methods="1" coveredmethods="1"/>
        <line num="20" count="139" type="stmt"/>
        <line num="22" count="139" type="stmt"/>
      </file>
      <file name="MilestonePath.tsx" path="/Users/litang/WeChatProjects/en-learn/src/components/MilestonePath.tsx">
        <metrics statements="17" coveredstatements="17" conditionals="18" coveredconditionals="18" methods="8" coveredmethods="8"/>
        <line num="23" count="79" type="stmt"/>
        <line num="24" count="79" type="stmt"/>
        <line num="25" count="85" type="stmt"/>
        <line num="29" count="79" type="stmt"/>
        <line num="30" count="14" type="stmt"/>
        <line num="31" count="14" type="stmt"/>
        <line num="34" count="79" type="stmt"/>
        <line num="35" count="4" type="stmt"/>
        <line num="38" count="79" type="stmt"/>
        <line num="52" count="78" type="cond" truecount="2" falsecount="0"/>
        <line num="54" count="458" type="stmt"/>
        <line num="55" count="458" type="stmt"/>
        <line num="57" count="458" type="stmt"/>
        <line num="76" count="536" type="stmt"/>
        <line num="78" count="536" type="stmt"/>
        <line num="85" count="14" type="stmt"/>
        <line num="142" count="4" type="stmt"/>
      </file>
      <file name="MistakeBook.tsx" path="/Users/litang/WeChatProjects/en-learn/src/components/MistakeBook.tsx">
        <metrics statements="63" coveredstatements="50" conditionals="35" coveredconditionals="21" methods="24" coveredmethods="22"/>
        <line num="26" count="18" type="stmt"/>
        <line num="27" count="0" type="cond" truecount="1" falsecount="1"/>
        <line num="28" count="18" type="stmt"/>
        <line num="29" count="0" type="cond" truecount="1" falsecount="1"/>
        <line num="30" count="18" type="stmt"/>
        <line num="31" count="18" type="cond" truecount="1" falsecount="1"/>
        <line num="32" count="0" type="stmt"/>
        <line num="33" count="0" type="cond" truecount="0" falsecount="2"/>
        <line num="34" count="0" type="stmt"/>
        <line num="35" count="0" type="stmt"/>
        <line num="39" count="15" type="stmt"/>
        <line num="40" count="15" type="stmt"/>
        <line num="41" count="15" type="stmt"/>
        <line num="43" count="15" type="stmt"/>
        <line num="44" count="9" type="stmt"/>
        <line num="45" count="9" type="stmt"/>
        <line num="46" count="9" type="cond" truecount="2" falsecount="0"/>
        <line num="47" count="9" type="stmt"/>
        <line num="48" count="9" type="stmt"/>
        <line num="50" count="9" type="stmt"/>
        <line num="53" count="15" type="stmt"/>
        <line num="54" count="9" type="stmt"/>
        <line num="55" count="9" type="cond" truecount="2" falsecount="0"/>
        <line num="56" count="3" type="stmt"/>
        <line num="59" count="6" type="stmt"/>
        <line num="60" count="6" type="stmt"/>
        <line num="62" count="0" type="cond" truecount="1" falsecount="1"/>
        <line num="63" count="6" type="stmt"/>
        <line num="64" count="6" type="stmt"/>
        <line num="65" count="6" type="stmt"/>
        <line num="66" count="6" type="stmt"/>
        <line num="67" count="12" type="stmt"/>
        <line num="70" count="6" type="stmt"/>
        <line num="71" count="6" type="stmt"/>
        <line num="74" count="0" type="cond" truecount="0" falsecount="2"/>
        <line num="75" count="0" type="stmt"/>
        <line num="79" count="6" type="stmt"/>
        <line num="80" count="6" type="stmt"/>
        <line num="84" count="15" type="stmt"/>
        <line num="85" count="1" type="stmt"/>
        <line num="86" count="1" type="stmt"/>
        <line num="89" count="15" type="stmt"/>
        <line num="90" count="1" type="stmt"/>
        <line num="91" count="1" type="stmt"/>
        <line num="94" count="15" type="stmt"/>
        <line num="95" count="1" type="cond" truecount="1" falsecount="1"/>
        <line num="96" count="2" type="stmt"/>
        <line num="97" count="1" type="stmt"/>
        <line num="100" count="15" type="stmt"/>
        <line num="101" count="0" type="stmt"/>
        <line num="102" count="0" type="cond" truecount="0" falsecount="2"/>
        <line num="103" count="0" type="stmt"/>
        <line num="107" count="0" type="stmt"/>
        <line num="111" count="15" type="stmt"/>
        <line num="157" count="12" type="stmt"/>
        <line num="158" count="12" type="stmt"/>
        <line num="170" count="1" type="stmt"/>
        <line num="181" count="18" type="stmt"/>
        <line num="182" count="18" type="stmt"/>
        <line num="208" count="18" type="stmt"/>
        <line num="222" count="20" type="stmt"/>
        <line num="252" count="1" type="stmt"/>
        <line num="261" count="1" type="stmt"/>
      </file>
      <file name="MobileNav.tsx" path="/Users/litang/WeChatProjects/en-learn/src/components/MobileNav.tsx">
        <metrics statements="16" coveredstatements="14" conditionals="32" coveredconditionals="23" methods="4" coveredmethods="4"/>
        <line num="13" count="22" type="stmt"/>
        <line num="32" count="28" type="stmt"/>
        <line num="33" count="224" type="cond" truecount="4" falsecount="0"/>
        <line num="34" count="1" type="stmt"/>
        <line num="40" count="223" type="cond" truecount="4" falsecount="0"/>
        <line num="41" count="1" type="stmt"/>
        <line num="47" count="222" type="cond" truecount="2" falsecount="2"/>
        <line num="48" count="0" type="stmt"/>
        <line num="54" count="222" type="cond" truecount="3" falsecount="1"/>
        <line num="55" count="0" type="stmt"/>
        <line num="61" count="222" type="stmt"/>
        <line num="64" count="28" type="stmt"/>
        <line num="72" count="224" type="stmt"/>
        <line num="73" count="224" type="stmt"/>
        <line num="74" count="224" type="stmt"/>
        <line num="77" count="4" type="stmt"/>
      </file>
      <file name="MoreMenu.tsx" path="/Users/litang/WeChatProjects/en-learn/src/components/MoreMenu.tsx">
        <metrics statements="1" coveredstatements="1" conditionals="18" coveredconditionals="17" methods="1" coveredmethods="1"/>
        <line num="50" count="401" type="stmt"/>
      </file>
      <file name="PeakHoursBadge.tsx" path="/Users/litang/WeChatProjects/en-learn/src/components/PeakHoursBadge.tsx">
        <metrics statements="7" coveredstatements="0" conditionals="6" coveredconditionals="0" methods="1" coveredmethods="0"/>
        <line num="12" count="0" type="cond" truecount="0" falsecount="2"/>
        <line num="13" count="0" type="stmt"/>
        <line num="21" count="0" type="cond" truecount="0" falsecount="2"/>
        <line num="22" count="0" type="stmt"/>
        <line num="25" count="0" type="stmt"/>
        <line num="26" count="0" type="cond" truecount="0" falsecount="2"/>
        <line num="28" count="0" type="stmt"/>
      </file>
      <file name="PracticeCard.tsx" path="/Users/litang/WeChatProjects/en-learn/src/components/PracticeCard.tsx">
        <metrics statements="61" coveredstatements="47" conditionals="121" coveredconditionals="97" methods="16" coveredmethods="12"/>
        <line num="19" count="25" type="cond" truecount="1" falsecount="1"/>
        <line num="20" count="25" type="stmt"/>
        <line num="21" count="25" type="stmt"/>
        <line num="22" count="25" type="stmt"/>
        <line num="25" count="25" type="cond" truecount="2" falsecount="0"/>
        <line num="26" count="5" type="cond" truecount="1" falsecount="1"/>
        <line num="28" count="0" type="stmt"/>
        <line num="33" count="5" type="stmt"/>
        <line num="34" count="5" type="cond" truecount="1" falsecount="1"/>
        <line num="38" count="20" type="cond" truecount="2" falsecount="0"/>
        <line num="39" count="3" type="cond" truecount="1" falsecount="1"/>
        <line num="40" count="0" type="stmt"/>
        <line num="44" count="3" type="stmt"/>
        <line num="45" count="3" type="stmt"/>
        <line num="49" count="17" type="cond" truecount="1" falsecount="1"/>
        <line num="50" count="0" type="stmt"/>
        <line num="53" count="17" type="cond" truecount="1" falsecount="1"/>
        <line num="60" count="5" type="stmt"/>
        <line num="61" count="0" type="cond" truecount="1" falsecount="1"/>
        <line num="63" count="5" type="stmt"/>
        <line num="64" count="5" type="cond" truecount="1" falsecount="1"/>
        <line num="67" count="27" type="stmt"/>
        <line num="135" count="450" type="stmt"/>
        <line num="136" count="450" type="stmt"/>
        <line num="137" count="450" type="stmt"/>
        <line num="140" count="450" type="stmt"/>
        <line num="142" count="25" type="stmt"/>
        <line num="143" count="25" type="cond" truecount="2" falsecount="0"/>
        <line num="144" count="12" type="stmt"/>
        <line num="145" count="5" type="cond" truecount="2" falsecount="0"/>
        <line num="146" count="20" type="cond" truecount="2" falsecount="0"/>
        <line num="147" count="3" type="stmt"/>
        <line num="148" count="42" type="stmt"/>
        <line num="150" count="12" type="cond" truecount="2" falsecount="0"/>
        <line num="153" count="17" type="cond" truecount="2" falsecount="0"/>
        <line num="157" count="25" type="cond" truecount="4" falsecount="0"/>
        <line num="159" count="17" type="stmt"/>
        <line num="161" count="25" type="stmt"/>
        <line num="200" count="450" type="stmt"/>
        <line num="202" count="450" type="stmt"/>
        <line num="219" count="450" type="cond" truecount="5" falsecount="0"/>
        <line num="221" count="25" type="stmt"/>
        <line num="231" count="19" type="stmt"/>
        <line num="243" count="19" type="stmt"/>
        <line num="252" count="387" type="stmt"/>
        <line num="260" count="450" type="stmt"/>
        <line num="293" count="0" type="cond" truecount="0" falsecount="2"/>
        <line num="294" count="0" type="stmt"/>
        <line num="295" count="0" type="stmt"/>
        <line num="296" count="0" type="stmt"/>
        <line num="297" count="0" type="stmt"/>
        <line num="298" count="0" type="stmt"/>
        <line num="299" count="0" type="cond" truecount="0" falsecount="2"/>
        <line num="300" count="0" type="stmt"/>
        <line num="314" count="2" type="cond" truecount="1" falsecount="1"/>
        <line num="321" count="1935" type="stmt"/>
        <line num="388" count="4" type="cond" truecount="1" falsecount="1"/>
        <line num="389" count="0" type="cond" truecount="0" falsecount="2"/>
        <line num="390" count="4" type="cond" truecount="1" falsecount="1"/>
        <line num="391" count="0" type="stmt"/>
        <line num="393" count="4" type="stmt"/>
      </file>
      <file name="ProgressBar.tsx" path="/Users/litang/WeChatProjects/en-learn/src/components/ProgressBar.tsx">
        <metrics statements="1" coveredstatements="1" conditionals="0" coveredconditionals="0" methods="1" coveredmethods="1"/>
        <line num="10" count="380" type="stmt"/>
      </file>
      <file name="ProgressHub.tsx" path="/Users/litang/WeChatProjects/en-learn/src/components/ProgressHub.tsx">
        <metrics statements="22" coveredstatements="11" conditionals="11" coveredconditionals="4" methods="13" coveredmethods="5"/>
        <line num="24" count="33" type="stmt"/>
        <line num="31" count="33" type="stmt"/>
        <line num="34" count="33" type="stmt"/>
        <line num="35" count="33" type="stmt"/>
        <line num="36" count="33" type="stmt"/>
        <line num="38" count="33" type="stmt"/>
        <line num="81" count="0" type="stmt"/>
        <line num="86" count="0" type="cond" truecount="0" falsecount="2"/>
        <line num="90" count="0" type="stmt"/>
        <line num="91" count="0" type="stmt"/>
        <line num="102" count="0" type="cond" truecount="0" falsecount="2"/>
        <line num="106" count="0" type="stmt"/>
        <line num="107" count="0" type="stmt"/>
        <line num="127" count="1" type="stmt"/>
        <line num="144" count="1" type="stmt"/>
        <line num="220" count="0" type="stmt"/>
        <line num="231" count="0" type="stmt"/>
        <line num="237" count="1" type="stmt"/>
        <line num="243" count="0" type="stmt"/>
        <line num="256" count="32" type="stmt"/>
        <line num="257" count="0" type="cond" truecount="1" falsecount="1"/>
        <line num="258" count="32" type="stmt"/>
      </file>
      <file name="ProgressTrend.tsx" path="/Users/litang/WeChatProjects/en-learn/src/components/ProgressTrend.tsx">
        <metrics statements="65" coveredstatements="58" conditionals="32" coveredconditionals="27" methods="22" coveredmethods="18"/>
        <line num="35" count="11" type="cond" truecount="2" falsecount="0"/>
        <line num="38" count="17" type="cond" truecount="2" falsecount="0"/>
        <line num="41" count="11" type="stmt"/>
        <line num="42" count="11" type="stmt"/>
        <line num="45" count="11" type="stmt"/>
        <line num="46" count="11" type="stmt"/>
        <line num="47" count="11" type="stmt"/>
        <line num="48" count="11" type="stmt"/>
        <line num="49" count="11" type="stmt"/>
        <line num="52" count="11" type="stmt"/>
        <line num="53" count="11" type="cond" truecount="2" falsecount="0"/>
        <line num="54" count="70" type="stmt"/>
        <line num="56" count="7" type="stmt"/>
        <line num="60" count="11" type="stmt"/>
        <line num="61" count="1" type="cond" truecount="2" falsecount="0"/>
        <line num="63" count="10" type="stmt"/>
        <line num="64" count="70" type="stmt"/>
        <line num="65" count="70" type="cond" truecount="2" falsecount="0"/>
        <line num="66" count="70" type="stmt"/>
        <line num="67" count="70" type="stmt"/>
        <line num="71" count="10" type="stmt"/>
        <line num="72" count="10" type="stmt"/>
        <line num="73" count="60" type="stmt"/>
        <line num="74" count="60" type="stmt"/>
        <line num="75" count="60" type="stmt"/>
        <line num="76" count="60" type="stmt"/>
        <line num="77" count="60" type="stmt"/>
        <line num="80" count="10" type="stmt"/>
        <line num="84" count="11" type="stmt"/>
        <line num="85" count="1" type="cond" truecount="4" falsecount="0"/>
        <line num="87" count="10" type="stmt"/>
        <line num="88" count="10" type="stmt"/>
        <line num="89" count="10" type="stmt"/>
        <line num="91" count="10" type="stmt"/>
        <line num="95" count="11" type="stmt"/>
        <line num="96" count="77" type="stmt"/>
        <line num="97" count="77" type="stmt"/>
        <line num="101" count="11" type="stmt"/>
        <line num="102" count="11" type="stmt"/>
        <line num="103" count="11" type="stmt"/>
        <line num="104" count="44" type="stmt"/>
        <line num="105" count="44" type="stmt"/>
        <line num="106" count="44" type="stmt"/>
        <line num="111" count="70" type="cond" truecount="2" falsecount="0"/>
        <line num="114" count="11" type="stmt"/>
        <line num="115" count="0" type="stmt"/>
        <line num="116" count="0" type="stmt"/>
        <line num="117" count="0" type="stmt"/>
        <line num="118" count="0" type="stmt"/>
        <line num="121" count="11" type="cond" truecount="2" falsecount="0"/>
        <line num="122" count="1" type="stmt"/>
        <line num="130" count="4" type="stmt"/>
        <line num="148" count="10" type="stmt"/>
        <line num="153" count="0" type="stmt"/>
        <line num="163" count="1" type="stmt"/>
        <line num="181" count="40" type="stmt"/>
        <line num="204" count="70" type="stmt"/>
        <line num="234" count="70" type="stmt"/>
        <line num="235" count="70" type="stmt"/>
        <line num="236" count="70" type="stmt"/>
        <line num="237" count="70" type="stmt"/>
        <line num="239" count="70" type="stmt"/>
        <line num="242" count="0" type="stmt"/>
        <line num="243" count="0" type="stmt"/>
        <line num="244" count="1" type="stmt"/>
      </file>
      <file name="RecallReminderToast.tsx" path="/Users/litang/WeChatProjects/en-learn/src/components/RecallReminderToast.tsx">
        <metrics statements="16" coveredstatements="16" conditionals="13" coveredconditionals="13" methods="6" coveredmethods="6"/>
        <line num="4" count="22" type="stmt"/>
        <line num="17" count="415" type="cond" truecount="4" falsecount="0"/>
        <line num="19" count="7" type="stmt"/>
        <line num="24" count="18" type="stmt"/>
        <line num="29" count="5" type="stmt"/>
        <line num="34" count="385" type="stmt"/>
        <line num="49" count="415" type="stmt"/>
        <line num="52" count="415" type="stmt"/>
        <line num="53" count="142" type="cond" truecount="2" falsecount="0"/>
        <line num="55" count="22" type="stmt"/>
        <line num="56" count="1" type="stmt"/>
        <line num="59" count="22" type="stmt"/>
        <line num="62" count="415" type="stmt"/>
        <line num="63" count="4" type="stmt"/>
        <line num="64" count="4" type="stmt"/>
        <line num="67" count="415" type="stmt"/>
      </file>
      <file name="ResultModal.tsx" path="/Users/litang/WeChatProjects/en-learn/src/components/ResultModal.tsx">
[...]
        <line num="1361" count="56" type="stmt"/>
        <line num="1362" count="56" type="stmt"/>
        <line num="1363" count="56" type="stmt"/>
        <line num="1364" count="617" type="cond" truecount="2" falsecount="0"/>
        <line num="1365" count="56" type="stmt"/>
        <line num="1366" count="56" type="stmt"/>
        <line num="1371" count="56" type="stmt"/>
        <line num="1373" count="56" type="cond" truecount="2" falsecount="0"/>
        <line num="1374" count="2" type="stmt"/>
        <line num="1376" count="54" type="stmt"/>
        <line num="1377" count="54" type="stmt"/>
        <line num="1378" count="54" type="stmt"/>
        <line num="1379" count="54" type="stmt"/>
        <line num="1380" count="54" type="stmt"/>
        <line num="1381" count="54" type="stmt"/>
        <line num="1384" count="56" type="stmt"/>
        <line num="1390" count="56" type="stmt"/>
        <line num="1391" count="56" type="stmt"/>
        <line num="1395" count="16" type="stmt"/>
        <line num="1399" count="56" type="stmt"/>
        <line num="1403" count="0" type="stmt"/>
        <line num="1404" count="0" type="stmt"/>
        <line num="1407" count="0" type="cond" truecount="0" falsecount="4"/>
        <line num="1408" count="0" type="stmt"/>
        <line num="1412" count="0" type="stmt"/>
        <line num="1419" count="0" type="stmt"/>
        <line num="1420" count="0" type="stmt"/>
        <line num="1424" count="0" type="stmt"/>
        <line num="1425" count="0" type="stmt"/>
        <line num="1428" count="0" type="cond" truecount="0" falsecount="2"/>
        <line num="1429" count="0" type="stmt"/>
        <line num="1436" count="0" type="stmt"/>
        <line num="1437" count="0" type="stmt"/>
        <line num="1441" count="0" type="cond" truecount="0" falsecount="2"/>
        <line num="1442" count="0" type="stmt"/>
        <line num="1446" count="0" type="stmt"/>
        <line num="1453" count="0" type="stmt"/>
        <line num="1454" count="0" type="stmt"/>
        <line num="1458" count="19" type="stmt"/>
        <line num="1467" count="19" type="stmt"/>
        <line num="1468" count="19" type="stmt"/>
        <line num="1469" count="19" type="stmt"/>
        <line num="1471" count="57" type="stmt"/>
        <line num="1478" count="19" type="stmt"/>
        <line num="1479" count="19" type="stmt"/>
        <line num="1480" count="19" type="stmt"/>
        <line num="1484" count="46" type="stmt"/>
        <line num="1485" count="46" type="stmt"/>
        <line num="1486" count="46" type="stmt"/>
        <line num="1487" count="11" type="cond" truecount="2" falsecount="0"/>
        <line num="1490" count="5" type="cond" truecount="2" falsecount="0"/>
        <line num="1491" count="5" type="cond" truecount="2" falsecount="0"/>
        <line num="1492" count="5" type="stmt"/>
        <line num="1497" count="42" type="stmt"/>
        <line num="1501" count="7" type="stmt"/>
        <line num="1502" count="7" type="stmt"/>
        <line num="1503" count="7" type="cond" truecount="2" falsecount="0"/>
        <line num="1505" count="6" type="stmt"/>
        <line num="1506" count="6" type="stmt"/>
        <line num="1507" count="6" type="stmt"/>
        <line num="1509" count="6" type="stmt"/>
        <line num="1512" count="6" type="cond" truecount="2" falsecount="0"/>
        <line num="1513" count="5" type="stmt"/>
        <line num="1514" count="5" type="stmt"/>
        <line num="1517" count="1" type="stmt"/>
        <line num="1520" count="6" type="stmt"/>
        <line num="1527" count="6" type="stmt"/>
        <line num="1539" count="11" type="stmt"/>
        <line num="1540" count="11" type="stmt"/>
        <line num="1541" count="11" type="cond" truecount="2" falsecount="0"/>
        <line num="1543" count="10" type="stmt"/>
        <line num="1544" count="10" type="stmt"/>
        <line num="1549" count="10" type="stmt"/>
        <line num="1550" count="10" type="stmt"/>
        <line num="1551" count="10" type="stmt"/>
        <line num="1554" count="10" type="stmt"/>
        <line num="1557" count="10" type="cond" truecount="2" falsecount="0"/>
        <line num="1560" count="11" type="cond" truecount="2" falsecount="0"/>
        <line num="1561" count="11" type="stmt"/>
        <line num="1569" count="11" type="stmt"/>
        <line num="1570" count="11" type="stmt"/>
        <line num="1571" count="11" type="stmt"/>
        <line num="1575" count="97" type="stmt"/>
        <line num="1576" count="97" type="cond" truecount="2" falsecount="0"/>
        <line num="1577" count="62" type="stmt"/>
        <line num="1581" count="35" type="stmt"/>
        <line num="1582" count="35" type="stmt"/>
        <line num="1584" count="0" type="stmt"/>
        <line num="1585" count="0" type="stmt"/>
        <line num="1586" count="0" type="stmt"/>
        <line num="1589" count="35" type="cond" truecount="1" falsecount="1"/>
        <line num="1590" count="35" type="stmt"/>
        <line num="1593" count="0" type="stmt"/>
        <line num="1594" count="0" type="stmt"/>
        <line num="1595" count="0" type="stmt"/>
        <line num="1599" count="40" type="stmt"/>
        <line num="1600" count="40" type="stmt"/>
        <line num="1602" count="0" type="stmt"/>
        <line num="1607" count="38" type="stmt"/>
        <line num="1608" count="38" type="stmt"/>
        <line num="1609" count="38" type="stmt"/>
        <line num="1610" count="38" type="stmt"/>
        <line num="1611" count="38" type="stmt"/>
        <line num="1615" count="36" type="stmt"/>
        <line num="1616" count="36" type="cond" truecount="2" falsecount="0"/>
        <line num="1617" count="35" type="stmt"/>
        <line num="1621" count="1" type="stmt"/>
        <line num="1622" count="1" type="stmt"/>
        <line num="1624" count="0" type="stmt"/>
        <line num="1625" count="0" type="stmt"/>
        <line num="1626" count="0" type="stmt"/>
        <line num="1629" count="1" type="cond" truecount="1" falsecount="1"/>
        <line num="1630" count="1" type="stmt"/>
        <line num="1633" count="0" type="stmt"/>
        <line num="1634" count="0" type="stmt"/>
        <line num="1635" count="0" type="stmt"/>
        <line num="1639" count="8" type="stmt"/>
        <line num="1640" count="8" type="stmt"/>
        <line num="1642" count="0" type="stmt"/>
        <line num="1648" count="56" type="stmt"/>
        <line num="1649" count="56" type="cond" truecount="2" falsecount="0"/>
        <line num="1650" count="28" type="stmt"/>
        <line num="1660" count="28" type="stmt"/>
        <line num="1661" count="28" type="stmt"/>
        <line num="1663" count="1" type="stmt"/>
        <line num="1664" count="1" type="stmt"/>
        <line num="1665" count="1" type="stmt"/>
        <line num="1674" count="27" type="cond" truecount="4" falsecount="1"/>
        <line num="1675" count="27" type="stmt"/>
        <line num="1678" count="0" type="stmt"/>
        <line num="1679" count="0" type="stmt"/>
        <line num="1680" count="0" type="stmt"/>
        <line num="1691" count="2" type="cond" truecount="2" falsecount="0"/>
        <line num="1692" count="1" type="stmt"/>
        <line num="1699" count="1" type="stmt"/>
        <line num="1704" count="25" type="stmt"/>
        <line num="1705" count="25" type="stmt"/>
        <line num="1706" count="25" type="stmt"/>
        <line num="1707" count="25" type="stmt"/>
        <line num="1708" count="25" type="stmt"/>
        <line num="1710" count="0" type="stmt"/>
        <line num="1712" count="25" type="stmt"/>
        <line num="1717" count="35" type="stmt"/>
        <line num="1718" count="35" type="stmt"/>
        <line num="1719" count="35" type="cond" truecount="2" falsecount="0"/>
        <line num="1721" count="4" type="stmt"/>
        <line num="1723" count="31" type="stmt"/>
        <line num="1725" count="35" type="stmt"/>
        <line num="1729" count="53" type="stmt"/>
        <line num="1733" count="9" type="stmt"/>
        <line num="1734" count="9" type="stmt"/>
        <line num="1738" count="0" type="stmt"/>
        <line num="1747" count="2" type="stmt"/>
        <line num="1748" count="2" type="stmt"/>
        <line num="1750" count="2" type="cond" truecount="1" falsecount="1"/>
        <line num="1751" count="0" type="stmt"/>
        <line num="1752" count="0" type="cond" truecount="0" falsecount="2"/>
        <line num="1753" count="0" type="stmt"/>
        <line num="1754" count="0" type="stmt"/>
        <line num="1755" count="0" type="stmt"/>
        <line num="1764" count="2" type="stmt"/>
        <line num="1765" count="2" type="stmt"/>
        <line num="1770" count="2" type="stmt"/>
        <line num="1777" count="404" type="stmt"/>
        <line num="1778" count="404" type="cond" truecount="2" falsecount="0"/>
        <line num="1782" count="0" type="stmt"/>
        <line num="1786" count="68" type="stmt"/>
        <line num="1787" count="68" type="cond" truecount="2" falsecount="0"/>
        <line num="1791" count="58" type="stmt"/>
        <line num="1795" count="8" type="stmt"/>
        <line num="1796" count="8" type="cond" truecount="2" falsecount="0"/>
        <line num="1800" count="2" type="stmt"/>
        <line num="1804" count="1" type="stmt"/>
        <line num="1805" count="1" type="stmt"/>
        <line num="1806" count="1" type="stmt"/>
        <line num="1807" count="1" type="stmt"/>
        <line num="1811" count="1" type="stmt"/>
        <line num="1812" count="1" type="stmt"/>
        <line num="1813" count="1" type="stmt"/>
        <line num="1814" count="1" type="stmt"/>
        <line num="1815" count="1" type="stmt"/>
        <line num="1820" count="22" type="stmt"/>
        <line num="1821" count="22" type="cond" truecount="1" falsecount="1"/>
        <line num="1825" count="11" type="stmt"/>
        <line num="1826" count="11" type="stmt"/>
        <line num="1827" count="11" type="stmt"/>
        <line num="1828" count="11" type="stmt"/>
        <line num="1829" count="11" type="stmt"/>
        <line num="1833" count="19" type="stmt"/>
        <line num="1834" count="19" type="cond" truecount="3" falsecount="1"/>
        <line num="1835" count="19" type="stmt"/>
        <line num="1836" count="19" type="stmt"/>
        <line num="1837" count="19" type="stmt"/>
        <line num="1838" count="152" type="stmt"/>
        <line num="1842" count="0" type="stmt"/>
        <line num="1843" count="0" type="stmt"/>
        <line num="1846" count="19" type="stmt"/>
        <line num="1850" count="20" type="stmt"/>
        <line num="1851" count="20" type="cond" truecount="4" falsecount="0"/>
        <line num="1852" count="1" type="stmt"/>
        <line num="1854" count="19" type="stmt"/>
        <line num="1855" count="19" type="stmt"/>
        <line num="1860" count="19" type="stmt"/>
        <line num="1861" count="19" type="stmt"/>
        <line num="1865" count="25" type="stmt"/>
        <line num="1866" count="25" type="cond" truecount="2" falsecount="0"/>
        <line num="1870" count="0" type="stmt"/>
        <line num="1875" count="28" type="stmt"/>
        <line num="1879" count="24" type="stmt"/>
        <line num="1883" count="24" type="stmt"/>
        <line num="1884" count="24" type="stmt"/>
        <line num="1896" count="24" type="stmt"/>
        <line num="1897" count="24" type="stmt"/>
        <line num="1902" count="51" type="stmt"/>
        <line num="1903" count="51" type="cond" truecount="2" falsecount="0"/>
        <line num="1904" count="32" type="stmt"/>
        <line num="1906" count="19" type="stmt"/>
        <line num="1910" count="22" type="stmt"/>
        <line num="1915" count="61" type="stmt"/>
        <line num="1916" count="24" type="cond" truecount="2" falsecount="0"/>
        <line num="1917" count="1" type="stmt"/>
        <line num="1918" count="1" type="stmt"/>
        <line num="1922" count="23" type="stmt"/>
        <line num="1925" count="30" type="stmt"/>
        <line num="1926" count="23" type="cond" truecount="2" falsecount="0"/>
        <line num="1927" count="1" type="stmt"/>
        <line num="1931" count="22" type="stmt"/>
        <line num="1937" count="22" type="cond" truecount="1" falsecount="1"/>
        <line num="1938" count="22" type="stmt"/>
        <line num="1939" count="22" type="stmt"/>
        <line num="1941" count="0" type="stmt"/>
        <line num="1947" count="22" type="stmt"/>
        <line num="1951" count="22" type="stmt"/>
        <line num="1953" count="22" type="stmt"/>
        <line num="1957" count="8" type="stmt"/>
        <line num="1974" count="19" type="cond" truecount="2" falsecount="0"/>
        <line num="1975" count="13" type="stmt"/>
        <line num="1982" count="6" type="stmt"/>
        <line num="1983" count="6" type="stmt"/>
        <line num="1984" count="6" type="cond" truecount="2" falsecount="0"/>
        <line num="1986" count="19" type="stmt"/>
        <line num="1987" count="19" type="cond" truecount="2" falsecount="0"/>
        <line num="1988" count="1" type="stmt"/>
        <line num="1989" count="1" type="stmt"/>
        <line num="1991" count="5" type="stmt"/>
        <line num="1994" count="6" type="cond" truecount="2" falsecount="0"/>
        <line num="1995" count="2" type="stmt"/>
        <line num="1996" count="2" type="stmt"/>
        <line num="1998" count="4" type="stmt"/>
        <line num="2001" count="6" type="cond" truecount="2" falsecount="0"/>
        <line num="2002" count="2" type="stmt"/>
        <line num="2003" count="2" type="stmt"/>
        <line num="2005" count="4" type="stmt"/>
        <line num="2008" count="6" type="cond" truecount="2" falsecount="0"/>
        <line num="2009" count="1" type="stmt"/>
        <line num="2010" count="1" type="stmt"/>
        <line num="2012" count="5" type="stmt"/>
        <line num="2015" count="6" type="cond" truecount="1" falsecount="1"/>
        <line num="2016" count="0" type="stmt"/>
        <line num="2017" count="0" type="stmt"/>
        <line num="2019" count="6" type="stmt"/>
        <line num="2022" count="6" type="cond" truecount="1" falsecount="1"/>
        <line num="2023" count="0" type="stmt"/>
        <line num="2024" count="0" type="stmt"/>
        <line num="2026" count="6" type="stmt"/>
        <line num="2029" count="6" type="cond" truecount="1" falsecount="1"/>
        <line num="2030" count="0" type="stmt"/>
        <line num="2031" count="0" type="stmt"/>
        <line num="2033" count="6" type="stmt"/>
        <line num="2036" count="6" type="cond" truecount="1" falsecount="1"/>
        <line num="2037" count="0" type="stmt"/>
        <line num="2038" count="0" type="stmt"/>
        <line num="2040" count="6" type="stmt"/>
        <line num="2043" count="6" type="stmt"/>
        <line num="2044" count="6" type="cond" truecount="2" falsecount="0"/>
        <line num="2045" count="6" type="cond" truecount="2" falsecount="0"/>
        <line num="2046" count="6" type="cond" truecount="2" falsecount="0"/>
        <line num="2047" count="6" type="cond" truecount="2" falsecount="0"/>
        <line num="2048" count="6" type="cond" truecount="1" falsecount="1"/>
        <line num="2049" count="6" type="cond" truecount="1" falsecount="1"/>
        <line num="2050" count="6" type="cond" truecount="1" falsecount="1"/>
        <line num="2051" count="6" type="cond" truecount="1" falsecount="1"/>
        <line num="2053" count="6" type="cond" truecount="2" falsecount="0"/>
        <line num="2057" count="19" type="stmt"/>
        <line num="2059" count="0" type="stmt"/>
        <line num="2084" count="19" type="cond" truecount="4" falsecount="0"/>
        <line num="2085" count="4" type="stmt"/>
        <line num="2088" count="15" type="stmt"/>
        <line num="2090" count="15" type="cond" truecount="2" falsecount="0"/>
        <line num="2091" count="3" type="stmt"/>
        <line num="2094" count="12" type="cond" truecount="2" falsecount="0"/>
        <line num="2095" count="1" type="stmt"/>
        <line num="2098" count="11" type="cond" truecount="4" falsecount="0"/>
        <line num="2099" count="1" type="stmt"/>
        <line num="2102" count="10" type="stmt"/>
        <line num="2105" count="10" type="cond" truecount="4" falsecount="0"/>
        <line num="2106" count="1" type="stmt"/>
        <line num="2109" count="9" type="cond" truecount="1" falsecount="1"/>
        <line num="2110" count="0" type="stmt"/>
        <line num="2113" count="9" type="cond" truecount="2" falsecount="0"/>
        <line num="2114" count="1" type="stmt"/>
        <line num="2117" count="8" type="cond" truecount="1" falsecount="1"/>
        <line num="2118" count="0" type="stmt"/>
        <line num="2121" count="8" type="cond" truecount="2" falsecount="0"/>
        <line num="2122" count="1" type="stmt"/>
        <line num="2126" count="7" type="cond" truecount="4" falsecount="0"/>
        <line num="2127" count="1" type="stmt"/>
        <line num="2131" count="6" type="cond" truecount="2" falsecount="2"/>
        <line num="2132" count="0" type="stmt"/>
        <line num="2136" count="6" type="cond" truecount="2" falsecount="2"/>
        <line num="2137" count="0" type="stmt"/>
        <line num="2141" count="6" type="cond" truecount="2" falsecount="2"/>
        <line num="2142" count="0" type="stmt"/>
        <line num="2146" count="6" type="cond" truecount="1" falsecount="1"/>
        <line num="2147" count="0" type="cond" truecount="0" falsecount="2"/>
        <line num="2148" count="0" type="stmt"/>
        <line num="2150" count="0" type="stmt"/>
        <line num="2151" count="0" type="cond" truecount="0" falsecount="2"/>
        <line num="2152" count="0" type="stmt"/>
        <line num="2156" count="6" type="stmt"/>
        <line num="2159" count="39" type="stmt"/>
      </file>
    </package>
    <package name="src.utils">
      <metrics statements="21" coveredstatements="20" conditionals="11" coveredconditionals="10" methods="4" coveredmethods="4"/>
      <file name="appConstants.ts" path="/Users/litang/WeChatProjects/en-learn/src/utils/appConstants.ts">
        <metrics statements="2" coveredstatements="2" conditionals="0" coveredconditionals="0" methods="0" coveredmethods="0"/>
        <line num="8" count="21" type="stmt"/>
        <line num="18" count="21" type="stmt"/>
      </file>
      <file name="appHelpers.ts" path="/Users/litang/WeChatProjects/en-learn/src/utils/appHelpers.ts">
        <metrics statements="15" coveredstatements="14" conditionals="11" coveredconditionals="10" methods="2" coveredmethods="2"/>
        <line num="13" count="500" type="cond" truecount="4" falsecount="1"/>
        <line num="15" count="477" type="stmt"/>
        <line num="17" count="7" type="stmt"/>
        <line num="19" count="11" type="stmt"/>
        <line num="21" count="5" type="stmt"/>
        <line num="23" count="0" type="stmt"/>
        <line num="31" count="37" type="stmt"/>
        <line num="32" count="37" type="stmt"/>
        <line num="33" count="37" type="stmt"/>
        <line num="34" count="37" type="stmt"/>
        <line num="35" count="37" type="stmt"/>
        <line num="37" count="37" type="cond" truecount="2" falsecount="0"/>
        <line num="38" count="15" type="cond" truecount="2" falsecount="0"/>
        <line num="39" count="11" type="cond" truecount="2" falsecount="0"/>
        <line num="40" count="7" type="stmt"/>
      </file>
      <file name="dateUtils.ts" path="/Users/litang/WeChatProjects/en-learn/src/utils/dateUtils.ts">
        <metrics statements="4" coveredstatements="4" conditionals="0" coveredconditionals="0" methods="2" coveredmethods="2"/>
        <line num="2" count="47" type="stmt"/>
        <line num="6" count="38" type="stmt"/>
        <line num="7" count="38" type="stmt"/>
        <line num="8" count="38" type="stmt"/>
      </file>
    </package>
  </project>
</coverage>
